<?xml version="1.0" encoding="UTF-8"?>
<!-- Generated by org.testng.reporters.JUnitReportReporter -->
<testsuite hostname="macos-C02F620XMD6N" failures="0" tests="6" name="com.avirtusaa.MainTestRunner" time="20.877" errors="0" timestamp="2023-11-04T21:37:10 IST" skipped="0">
  <testcase classname="com.avirtusaa.MainTestRunner" name="name" time="3.111"/>
  <system-out>
    <![CDATA[The test is found to have passed !!]]>
  </system-out>
  <testcase classname="com.avirtusaa.MainTestRunner" name="name" time="3.272"/>
  <system-out>
    <![CDATA[The test is found to have passed !!]]>
  </system-out>
  <testcase classname="com.avirtusaa.MainTestRunner" name="name" time="3.317"/>
  <system-out>
    <![CDATA[The test is found to have passed !!]]>
  </system-out>
  <testcase classname="com.avirtusaa.MainTestRunner" name="name" time="3.358"/>
  <system-out>
    <![CDATA[The test is found to have passed !!]]>
  </system-out>
  <testcase classname="com.avirtusaa.MainTestRunner" name="name" time="4.016"/>
  <system-out>
    <![CDATA[The test is found to have passed !!]]>
  </system-out>
  <testcase classname="com.avirtusaa.MainTestRunner" name="name" time="3.803"/>
  <system-out>
    <![CDATA[The test is found to have passed !!]]>
  </system-out>
</testsuite> <!-- com.avirtusaa.MainTestRunner -->
