<?xml version="1.0" encoding="UTF-8"?>
<!-- Generated by org.testng.reporters.JUnitReportReporter -->
<testsuite hostname="macos-C02F620XMD6N" failures="0" tests="6" name="com.avirtusaa.MainTestRunner" time="52.803" errors="0" timestamp="2023-11-07T01:13:35 IST" skipped="0">
  <testcase classname="com.avirtusaa.MainTestRunner" name="name" time="9.786"/>
  <system-out>
    <![CDATA[The tests have found to have been passed !!]]>
  </system-out>
  <testcase classname="com.avirtusaa.MainTestRunner" name="name" time="4.657"/>
  <system-out>
    <![CDATA[The tests have found to have been passed !!]]>
  </system-out>
  <testcase classname="com.avirtusaa.MainTestRunner" name="name" time="26.979"/>
  <system-out>
    <![CDATA[The tests have found to have been passed !!]]>
  </system-out>
  <testcase classname="com.avirtusaa.MainTestRunner" name="name" time="4.815"/>
  <system-out>
    <![CDATA[The tests have found to have been passed !!]]>
  </system-out>
  <testcase classname="com.avirtusaa.MainTestRunner" name="name" time="4.695"/>
  <system-out>
    <![CDATA[The tests have found to have been passed !!]]>
  </system-out>
  <testcase classname="com.avirtusaa.MainTestRunner" name="name" time="1.871"/>
  <system-out>
    <![CDATA[The tests have found to have been passed !!]]>
  </system-out>
</testsuite> <!-- com.avirtusaa.MainTestRunner -->
